


ARM Macro Assembler    Page 1 


    1 00000000                 AREA             Program, CODE, READONLY
    2 00000000                 ENTRY
    3 00000000         
    4 00000000         Main
    5 00000000 E59F003C        LDR              R0, =Value1 ; Pointer to first 
                                                            value
    6 00000004 E5901000        LDR              R1, [R0]    ; Load first part o
                                                            f value1
    7 00000008 E5902004        LDR              R2, [R0, #4] ; Load lower part 
                                                            of value1
    8 0000000C E59F0034        LDR              R0, =Value2 ; Pointer to second
                                                             value
    9 00000010 E5903000        LDR              R3, [R0]    ; Load upper part o
                                                            f value2
   10 00000014 E5904004        LDR              R4, [R0, #4] ; Load lower part 
                                                            of value2
   11 00000018 E0926004        ADDS             R6, R2, R4  ; Add lower 4 bytes
                                                             and set carry flag
                                                            
   12 0000001C E0A15003        ADC              R5, R1, R3  ; Add upper 4 bytes
                                                             including carry
   13 00000020 E59F0024        LDR              R0, =Result ; Pointer to Result
                                                            
   14 00000024 E5805000        STR              R5, [R0]    ; Store upper part 
                                                            of result
   15 00000028         
   16 00000028 E5806004        STR              R6, [R0, #4] ; Store lower part
                                                             of result
   17 0000002C EF000011        SWI              &11
   18 00000030         
   19 00000030 12A2E640 
              F2100123 Value1  DCD              &12A2E640, &F2100123 
                                                            ; Value to be added
                                                            
   20 00000038 001019BF 
              40023F51 Value2  DCD              &001019BF, &40023F51 
                                                            ; Value to be added
                                                            
   21 00000040 00000000 
                       Result  DCD              0           ; Space to store re
                                                            sult
   22 00000044         
   23 00000044                 END
              00000000 
              00000000 
              00000000 
Command Line: --debug --xref --diag_suppress=9931 --apcs=interwork --depend=.\o
bjects\64bit_addition.d -o.\objects\64bit_addition.o -IC:\Keil_v5\ARM\RV31\INC 
-IC:\Keil_v5\ARM\CMSIS\Include -IC:\Keil_v5\ARM\INC\Philips --predefine="__EVAL
 SETA 1" --predefine="__UVISION_VERSION SETA 529" --list=.\listings\64bit_addit
ion.lst 64bit_addition.s



ARM Macro Assembler    Page 1 Alphabetic symbol ordering
Relocatable symbols

Main 00000000

Symbol: Main
   Definitions
      At line 4 in file 64bit_addition.s
   Uses
      None
Comment: Main unused
Program 00000000

Symbol: Program
   Definitions
      At line 1 in file 64bit_addition.s
   Uses
      None
Comment: Program unused
Result 00000040

Symbol: Result
   Definitions
      At line 21 in file 64bit_addition.s
   Uses
      At line 13 in file 64bit_addition.s
Comment: Result used once
Value1 00000030

Symbol: Value1
   Definitions
      At line 19 in file 64bit_addition.s
   Uses
      At line 5 in file 64bit_addition.s
Comment: Value1 used once
Value2 00000038

Symbol: Value2
   Definitions
      At line 20 in file 64bit_addition.s
   Uses
      At line 8 in file 64bit_addition.s
Comment: Value2 used once
5 symbols
339 symbols in table
